 2023-12-19 23:11:46,426 - INFO - {'Exp_name': 'only_audio', 'Training': {'Batch_size': 64, 'Max_epoch': 10, 'learning_rate': 0.001, 'seed': 25, 'classes_num': 4}, 'Workspace': 'Fish_workspace'}
 2023-12-19 23:11:46,427 - INFO - DataParallel(
  (module): fish_fusion(
    (cnn6): Cnn6(
      (spec_augmenter): SpecAugmentation(
        (time_dropper): DropStripes()
        (freq_dropper): DropStripes()
      )
      (bn0): BatchNorm2d(64, eps=1e-05, momentum=0.1, affine=True, track_running_stats=True)
      (conv_block1): ConvBlock5x5(
        (conv1): Conv2d(1, 64, kernel_size=(5, 5), stride=(1, 1), padding=(2, 2), bias=False)
        (bn1): BatchNorm2d(64, eps=1e-05, momentum=0.1, affine=True, track_running_stats=True)
      )
      (conv_block2): ConvBlock5x5(
        (conv1): Conv2d(64, 128, kernel_size=(5, 5), stride=(1, 1), padding=(2, 2), bias=False)
        (bn1): BatchNorm2d(128, eps=1e-05, momentum=0.1, affine=True, track_running_stats=True)
      )
      (conv_block3): ConvBlock5x5(
        (conv1): Conv2d(128, 256, kernel_size=(5, 5), stride=(1, 1), padding=(2, 2), bias=False)
        (bn1): BatchNorm2d(256, eps=1e-05, momentum=0.1, affine=True, track_running_stats=True)
      )
      (conv_block4): ConvBlock5x5(
        (conv1): Conv2d(256, 512, kernel_size=(5, 5), stride=(1, 1), padding=(2, 2), bias=False)
        (bn1): BatchNorm2d(512, eps=1e-05, momentum=0.1, affine=True, track_running_stats=True)
      )
      (fc1): Linear(in_features=512, out_features=512, bias=True)
    )
    (MobilenetV2): MobileNetV2(
      (features): Sequential(
        (0): Sequential(
          (0): Conv2d(3, 32, kernel_size=(3, 3), stride=(1, 1), padding=(1, 1), bias=False)
          (1): AvgPool2d(kernel_size=2, stride=2, padding=0)
          (2): BatchNorm2d(32, eps=1e-05, momentum=0.1, affine=True, track_running_stats=True)
          (3): ReLU6(inplace=True)
        )
        (1): InvertedResidual(
          (conv): Sequential(
            (0): Conv2d(32, 32, kernel_size=(3, 3), stride=(1, 1), padding=(1, 1), groups=32, bias=False)
            (1): AvgPool2d(kernel_size=1, stride=1, padding=0)
            (2): BatchNorm2d(32, eps=1e-05, momentum=0.1, affine=True, track_running_stats=True)
            (3): ReLU6(inplace=True)
            (4): Conv2d(32, 16, kernel_size=(1, 1), stride=(1, 1), bias=False)
            (5): BatchNorm2d(16, eps=1e-05, momentum=0.1, affine=True, track_running_stats=True)
          )
        )
        (2): InvertedResidual(
          (conv): Sequential(
            (0): Conv2d(16, 96, kernel_size=(1, 1), stride=(1, 1), bias=False)
            (1): BatchNorm2d(96, eps=1e-05, momentum=0.1, affine=True, track_running_stats=True)
            (2): ReLU6(inplace=True)
            (3): Conv2d(96, 96, kernel_size=(3, 3), stride=(1, 1), padding=(1, 1), groups=96, bias=False)
            (4): AvgPool2d(kernel_size=2, stride=2, padding=0)
            (5): BatchNorm2d(96, eps=1e-05, momentum=0.1, affine=True, track_running_stats=True)
            (6): ReLU6(inplace=True)
            (7): Conv2d(96, 24, kernel_size=(1, 1), stride=(1, 1), bias=False)
            (8): BatchNorm2d(24, eps=1e-05, momentum=0.1, affine=True, track_running_stats=True)
          )
        )
        (3): InvertedResidual(
          (conv): Sequential(
            (0): Conv2d(24, 144, kernel_size=(1, 1), stride=(1, 1), bias=False)
            (1): BatchNorm2d(144, eps=1e-05, momentum=0.1, affine=True, track_running_stats=True)
            (2): ReLU6(inplace=True)
            (3): Conv2d(144, 144, kernel_size=(3, 3), stride=(1, 1), padding=(1, 1), groups=144, bias=False)
            (4): AvgPool2d(kernel_size=1, stride=1, padding=0)
            (5): BatchNorm2d(144, eps=1e-05, momentum=0.1, affine=True, track_running_stats=True)
            (6): ReLU6(inplace=True)
            (7): Conv2d(144, 24, kernel_size=(1, 1), stride=(1, 1), bias=False)
            (8): BatchNorm2d(24, eps=1e-05, momentum=0.1, affine=True, track_running_stats=True)
          )
        )
        (4): InvertedResidual(
          (conv): Sequential(
            (0): Conv2d(24, 144, kernel_size=(1, 1), stride=(1, 1), bias=False)
            (1): BatchNorm2d(144, eps=1e-05, momentum=0.1, affine=True, track_running_stats=True)
            (2): ReLU6(inplace=True)
            (3): Conv2d(144, 144, kernel_size=(3, 3), stride=(1, 1), padding=(1, 1), groups=144, bias=False)
            (4): AvgPool2d(kernel_size=2, stride=2, padding=0)
            (5): BatchNorm2d(144, eps=1e-05, momentum=0.1, affine=True, track_running_stats=True)
            (6): ReLU6(inplace=True)
            (7): Conv2d(144, 32, kernel_size=(1, 1), stride=(1, 1), bias=False)
            (8): BatchNorm2d(32, eps=1e-05, momentum=0.1, affine=True, track_running_stats=True)
          )
        )
        (5): InvertedResidual(
          (conv): Sequential(
            (0): Conv2d(32, 192, kernel_size=(1, 1), stride=(1, 1), bias=False)
            (1): BatchNorm2d(192, eps=1e-05, momentum=0.1, affine=True, track_running_stats=True)
            (2): ReLU6(inplace=True)
            (3): Conv2d(192, 192, kernel_size=(3, 3), stride=(1, 1), padding=(1, 1), groups=192, bias=False)
            (4): AvgPool2d(kernel_size=1, stride=1, padding=0)
            (5): BatchNorm2d(192, eps=1e-05, momentum=0.1, affine=True, track_running_stats=True)
            (6): ReLU6(inplace=True)
            (7): Conv2d(192, 32, kernel_size=(1, 1), stride=(1, 1), bias=False)
            (8): BatchNorm2d(32, eps=1e-05, momentum=0.1, affine=True, track_running_stats=True)
          )
        )
        (6): InvertedResidual(
          (conv): Sequential(
            (0): Conv2d(32, 192, kernel_size=(1, 1), stride=(1, 1), bias=False)
            (1): BatchNorm2d(192, eps=1e-05, momentum=0.1, affine=True, track_running_stats=True)
            (2): ReLU6(inplace=True)
            (3): Conv2d(192, 192, kernel_size=(3, 3), stride=(1, 1), padding=(1, 1), groups=192, bias=False)
            (4): AvgPool2d(kernel_size=1, stride=1, padding=0)
            (5): BatchNorm2d(192, eps=1e-05, momentum=0.1, affine=True, track_running_stats=True)
            (6): ReLU6(inplace=True)
            (7): Conv2d(192, 32, kernel_size=(1, 1), stride=(1, 1), bias=False)
            (8): BatchNorm2d(32, eps=1e-05, momentum=0.1, affine=True, track_running_stats=True)
          )
        )
        (7): InvertedResidual(
          (conv): Sequential(
            (0): Conv2d(32, 192, kernel_size=(1, 1), stride=(1, 1), bias=False)
            (1): BatchNorm2d(192, eps=1e-05, momentum=0.1, affine=True, track_running_stats=True)
            (2): ReLU6(inplace=True)
            (3): Conv2d(192, 192, kernel_size=(3, 3), stride=(1, 1), padding=(1, 1), groups=192, bias=False)
            (4): AvgPool2d(kernel_size=2, stride=2, padding=0)
            (5): BatchNorm2d(192, eps=1e-05, momentum=0.1, affine=True, track_running_stats=True)
            (6): ReLU6(inplace=True)
            (7): Conv2d(192, 64, kernel_size=(1, 1), stride=(1, 1), bias=False)
            (8): BatchNorm2d(64, eps=1e-05, momentum=0.1, affine=True, track_running_stats=True)
          )
        )
        (8): InvertedResidual(
          (conv): Sequential(
            (0): Conv2d(64, 384, kernel_size=(1, 1), stride=(1, 1), bias=False)
            (1): BatchNorm2d(384, eps=1e-05, momentum=0.1, affine=True, track_running_stats=True)
            (2): ReLU6(inplace=True)
            (3): Conv2d(384, 384, kernel_size=(3, 3), stride=(1, 1), padding=(1, 1), groups=384, bias=False)
            (4): AvgPool2d(kernel_size=1, stride=1, padding=0)
            (5): BatchNorm2d(384, eps=1e-05, momentum=0.1, affine=True, track_running_stats=True)
            (6): ReLU6(inplace=True)
            (7): Conv2d(384, 64, kernel_size=(1, 1), stride=(1, 1), bias=False)
            (8): BatchNorm2d(64, eps=1e-05, momentum=0.1, affine=True, track_running_stats=True)
          )
        )
        (9): InvertedResidual(
          (conv): Sequential(
            (0): Conv2d(64, 384, kernel_size=(1, 1), stride=(1, 1), bias=False)
            (1): BatchNorm2d(384, eps=1e-05, momentum=0.1, affine=True, track_running_stats=True)
            (2): ReLU6(inplace=True)
            (3): Conv2d(384, 384, kernel_size=(3, 3), stride=(1, 1), padding=(1, 1), groups=384, bias=False)
            (4): AvgPool2d(kernel_size=1, stride=1, padding=0)
            (5): BatchNorm2d(384, eps=1e-05, momentum=0.1, affine=True, track_running_stats=True)
            (6): ReLU6(inplace=True)
            (7): Conv2d(384, 64, kernel_size=(1, 1), stride=(1, 1), bias=False)
            (8): BatchNorm2d(64, eps=1e-05, momentum=0.1, affine=True, track_running_stats=True)
          )
        )
        (10): InvertedResidual(
          (conv): Sequential(
            (0): Conv2d(64, 384, kernel_size=(1, 1), stride=(1, 1), bias=False)
            (1): BatchNorm2d(384, eps=1e-05, momentum=0.1, affine=True, track_running_stats=True)
            (2): ReLU6(inplace=True)
            (3): Conv2d(384, 384, kernel_size=(3, 3), stride=(1, 1), padding=(1, 1), groups=384, bias=False)
            (4): AvgPool2d(kernel_size=1, stride=1, padding=0)
            (5): BatchNorm2d(384, eps=1e-05, momentum=0.1, affine=True, track_running_stats=True)
            (6): ReLU6(inplace=True)
            (7): Conv2d(384, 64, kernel_size=(1, 1), stride=(1, 1), bias=False)
            (8): BatchNorm2d(64, eps=1e-05, momentum=0.1, affine=True, track_running_stats=True)
          )
        )
        (11): InvertedResidual(
          (conv): Sequential(
            (0): Conv2d(64, 384, kernel_size=(1, 1), stride=(1, 1), bias=False)
            (1): BatchNorm2d(384, eps=1e-05, momentum=0.1, affine=True, track_running_stats=True)
            (2): ReLU6(inplace=True)
            (3): Conv2d(384, 384, kernel_size=(3, 3), stride=(1, 1), padding=(1, 1), groups=384, bias=False)
            (4): AvgPool2d(kernel_size=2, stride=2, padding=0)
            (5): BatchNorm2d(384, eps=1e-05, momentum=0.1, affine=True, track_running_stats=True)
            (6): ReLU6(inplace=True)
            (7): Conv2d(384, 96, kernel_size=(1, 1), stride=(1, 1), bias=False)
            (8): BatchNorm2d(96, eps=1e-05, momentum=0.1, affine=True, track_running_stats=True)
          )
        )
        (12): InvertedResidual(
          (conv): Sequential(
            (0): Conv2d(96, 576, kernel_size=(1, 1), stride=(1, 1), bias=False)
            (1): BatchNorm2d(576, eps=1e-05, momentum=0.1, affine=True, track_running_stats=True)
            (2): ReLU6(inplace=True)
            (3): Conv2d(576, 576, kernel_size=(3, 3), stride=(1, 1), padding=(1, 1), groups=576, bias=False)
            (4): AvgPool2d(kernel_size=1, stride=1, padding=0)
            (5): BatchNorm2d(576, eps=1e-05, momentum=0.1, affine=True, track_running_stats=True)
            (6): ReLU6(inplace=True)
            (7): Conv2d(576, 96, kernel_size=(1, 1), stride=(1, 1), bias=False)
            (8): BatchNorm2d(96, eps=1e-05, momentum=0.1, affine=True, track_running_stats=True)
          )
        )
        (13): InvertedResidual(
          (conv): Sequential(
            (0): Conv2d(96, 576, kernel_size=(1, 1), stride=(1, 1), bias=False)
            (1): BatchNorm2d(576, eps=1e-05, momentum=0.1, affine=True, track_running_stats=True)
            (2): ReLU6(inplace=True)
            (3): Conv2d(576, 576, kernel_size=(3, 3), stride=(1, 1), padding=(1, 1), groups=576, bias=False)
            (4): AvgPool2d(kernel_size=1, stride=1, padding=0)
            (5): BatchNorm2d(576, eps=1e-05, momentum=0.1, affine=True, track_running_stats=True)
            (6): ReLU6(inplace=True)
            (7): Conv2d(576, 96, kernel_size=(1, 1), stride=(1, 1), bias=False)
            (8): BatchNorm2d(96, eps=1e-05, momentum=0.1, affine=True, track_running_stats=True)
          )
        )
        (14): InvertedResidual(
          (conv): Sequential(
            (0): Conv2d(96, 576, kernel_size=(1, 1), stride=(1, 1), bias=False)
            (1): BatchNorm2d(576, eps=1e-05, momentum=0.1, affine=True, track_running_stats=True)
            (2): ReLU6(inplace=True)
            (3): Conv2d(576, 576, kernel_size=(3, 3), stride=(1, 1), padding=(1, 1), groups=576, bias=False)
            (4): AvgPool2d(kernel_size=1, stride=1, padding=0)
            (5): BatchNorm2d(576, eps=1e-05, momentum=0.1, affine=True, track_running_stats=True)
            (6): ReLU6(inplace=True)
            (7): Conv2d(576, 160, kernel_size=(1, 1), stride=(1, 1), bias=False)
            (8): BatchNorm2d(160, eps=1e-05, momentum=0.1, affine=True, track_running_stats=True)
          )
        )
        (15): InvertedResidual(
          (conv): Sequential(
            (0): Conv2d(160, 960, kernel_size=(1, 1), stride=(1, 1), bias=False)
            (1): BatchNorm2d(960, eps=1e-05, momentum=0.1, affine=True, track_running_stats=True)
            (2): ReLU6(inplace=True)
            (3): Conv2d(960, 960, kernel_size=(3, 3), stride=(1, 1), padding=(1, 1), groups=960, bias=False)
            (4): AvgPool2d(kernel_size=1, stride=1, padding=0)
            (5): BatchNorm2d(960, eps=1e-05, momentum=0.1, affine=True, track_running_stats=True)
            (6): ReLU6(inplace=True)
            (7): Conv2d(960, 160, kernel_size=(1, 1), stride=(1, 1), bias=False)
            (8): BatchNorm2d(160, eps=1e-05, momentum=0.1, affine=True, track_running_stats=True)
          )
        )
        (16): InvertedResidual(
          (conv): Sequential(
            (0): Conv2d(160, 960, kernel_size=(1, 1), stride=(1, 1), bias=False)
            (1): BatchNorm2d(960, eps=1e-05, momentum=0.1, affine=True, track_running_stats=True)
            (2): ReLU6(inplace=True)
            (3): Conv2d(960, 960, kernel_size=(3, 3), stride=(1, 1), padding=(1, 1), groups=960, bias=False)
            (4): AvgPool2d(kernel_size=1, stride=1, padding=0)
            (5): BatchNorm2d(960, eps=1e-05, momentum=0.1, affine=True, track_running_stats=True)
            (6): ReLU6(inplace=True)
            (7): Conv2d(960, 160, kernel_size=(1, 1), stride=(1, 1), bias=False)
            (8): BatchNorm2d(160, eps=1e-05, momentum=0.1, affine=True, track_running_stats=True)
          )
        )
        (17): InvertedResidual(
          (conv): Sequential(
            (0): Conv2d(160, 960, kernel_size=(1, 1), stride=(1, 1), bias=False)
            (1): BatchNorm2d(960, eps=1e-05, momentum=0.1, affine=True, track_running_stats=True)
            (2): ReLU6(inplace=True)
            (3): Conv2d(960, 960, kernel_size=(3, 3), stride=(1, 1), padding=(1, 1), groups=960, bias=False)
            (4): AvgPool2d(kernel_size=1, stride=1, padding=0)
            (5): BatchNorm2d(960, eps=1e-05, momentum=0.1, affine=True, track_running_stats=True)
            (6): ReLU6(inplace=True)
            (7): Conv2d(960, 320, kernel_size=(1, 1), stride=(1, 1), bias=False)
            (8): BatchNorm2d(320, eps=1e-05, momentum=0.1, affine=True, track_running_stats=True)
          )
        )
        (18): Sequential(
          (0): Conv2d(320, 1280, kernel_size=(1, 1), stride=(1, 1), bias=False)
          (1): BatchNorm2d(1280, eps=1e-05, momentum=0.1, affine=True, track_running_stats=True)
          (2): ReLU6(inplace=True)
        )
      )
      (fc1): Linear(in_features=1280, out_features=512, bias=True)
    )
    (resnet18): ResNet(
      (conv1): Conv2d(3, 64, kernel_size=(7, 7), stride=(2, 2), padding=(3, 3), bias=False)
      (bn1): BatchNorm2d(64, eps=1e-05, momentum=0.1, affine=True, track_running_stats=True)
      (relu): ReLU(inplace=True)
      (layer1): Sequential(
        (0): BasicBlock(
          (conv1): Conv2d(64, 64, kernel_size=(3, 3), stride=(1, 1), padding=(1, 1), bias=False)
          (bn1): BatchNorm2d(64, eps=1e-05, momentum=0.1, affine=True, track_running_stats=True)
          (relu): ReLU(inplace=True)
          (conv2): Conv2d(64, 64, kernel_size=(3, 3), stride=(1, 1), padding=(1, 1), bias=False)
          (bn2): BatchNorm2d(64, eps=1e-05, momentum=0.1, affine=True, track_running_stats=True)
        )
        (1): BasicBlock(
          (conv1): Conv2d(64, 64, kernel_size=(3, 3), stride=(1, 1), padding=(1, 1), bias=False)
          (bn1): BatchNorm2d(64, eps=1e-05, momentum=0.1, affine=True, track_running_stats=True)
          (relu): ReLU(inplace=True)
          (conv2): Conv2d(64, 64, kernel_size=(3, 3), stride=(1, 1), padding=(1, 1), bias=False)
          (bn2): BatchNorm2d(64, eps=1e-05, momentum=0.1, affine=True, track_running_stats=True)
        )
      )
      (layer2): Sequential(
        (0): BasicBlock(
          (conv1): Conv2d(64, 128, kernel_size=(3, 3), stride=(2, 2), padding=(1, 1), bias=False)
          (bn1): BatchNorm2d(128, eps=1e-05, momentum=0.1, affine=True, track_running_stats=True)
          (relu): ReLU(inplace=True)
          (conv2): Conv2d(128, 128, kernel_size=(3, 3), stride=(1, 1), padding=(1, 1), bias=False)
          (bn2): BatchNorm2d(128, eps=1e-05, momentum=0.1, affine=True, track_running_stats=True)
          (downsample): Sequential(
            (0): Conv2d(64, 128, kernel_size=(1, 1), stride=(2, 2), bias=False)
            (1): BatchNorm2d(128, eps=1e-05, momentum=0.1, affine=True, track_running_stats=True)
          )
        )
        (1): BasicBlock(
          (conv1): Conv2d(128, 128, kernel_size=(3, 3), stride=(1, 1), padding=(1, 1), bias=False)
          (bn1): BatchNorm2d(128, eps=1e-05, momentum=0.1, affine=True, track_running_stats=True)
          (relu): ReLU(inplace=True)
          (conv2): Conv2d(128, 128, kernel_size=(3, 3), stride=(1, 1), padding=(1, 1), bias=False)
          (bn2): BatchNorm2d(128, eps=1e-05, momentum=0.1, affine=True, track_running_stats=True)
        )
      )
      (layer3): Sequential(
        (0): BasicBlock(
          (conv1): Conv2d(128, 256, kernel_size=(3, 3), stride=(2, 2), padding=(1, 1), bias=False)
          (bn1): BatchNorm2d(256, eps=1e-05, momentum=0.1, affine=True, track_running_stats=True)
          (relu): ReLU(inplace=True)
          (conv2): Conv2d(256, 256, kernel_size=(3, 3), stride=(1, 1), padding=(1, 1), bias=False)
          (bn2): BatchNorm2d(256, eps=1e-05, momentum=0.1, affine=True, track_running_stats=True)
          (downsample): Sequential(
            (0): Conv2d(128, 256, kernel_size=(1, 1), stride=(2, 2), bias=False)
            (1): BatchNorm2d(256, eps=1e-05, momentum=0.1, affine=True, track_running_stats=True)
          )
        )
        (1): BasicBlock(
          (conv1): Conv2d(256, 256, kernel_size=(3, 3), stride=(1, 1), padding=(1, 1), bias=False)
          (bn1): BatchNorm2d(256, eps=1e-05, momentum=0.1, affine=True, track_running_stats=True)
          (relu): ReLU(inplace=True)
          (conv2): Conv2d(256, 256, kernel_size=(3, 3), stride=(1, 1), padding=(1, 1), bias=False)
          (bn2): BatchNorm2d(256, eps=1e-05, momentum=0.1, affine=True, track_running_stats=True)
        )
      )
      (layer4): Sequential(
        (0): BasicBlock(
          (conv1): Conv2d(256, 512, kernel_size=(3, 3), stride=(2, 2), padding=(1, 1), bias=False)
          (bn1): BatchNorm2d(512, eps=1e-05, momentum=0.1, affine=True, track_running_stats=True)
          (relu): ReLU(inplace=True)
          (conv2): Conv2d(512, 512, kernel_size=(3, 3), stride=(1, 1), padding=(1, 1), bias=False)
          (bn2): BatchNorm2d(512, eps=1e-05, momentum=0.1, affine=True, track_running_stats=True)
          (downsample): Sequential(
            (0): Conv2d(256, 512, kernel_size=(1, 1), stride=(2, 2), bias=False)
            (1): BatchNorm2d(512, eps=1e-05, momentum=0.1, affine=True, track_running_stats=True)
          )
        )
        (1): BasicBlock(
          (conv1): Conv2d(512, 512, kernel_size=(3, 3), stride=(1, 1), padding=(1, 1), bias=False)
          (bn1): BatchNorm2d(512, eps=1e-05, momentum=0.1, affine=True, track_running_stats=True)
          (relu): ReLU(inplace=True)
          (conv2): Conv2d(512, 512, kernel_size=(3, 3), stride=(1, 1), padding=(1, 1), bias=False)
          (bn2): BatchNorm2d(512, eps=1e-05, momentum=0.1, affine=True, track_running_stats=True)
        )
      )
      (avgpool): AdaptiveAvgPool2d(output_size=(1, 1))
    )
    (fc1): Linear(in_features=1536, out_features=512, bias=True)
    (classifer): Linear(in_features=512, out_features=4, bias=True)
  )
)
 2023-12-19 23:11:46,430 - INFO - Training dataloader: 6016 samples
 2023-12-19 23:11:46,430 - INFO - Val dataloader: 832 samples
 2023-12-19 23:11:46,430 - INFO - Test dataloader: 832 samples
 2023-12-19 23:11:46,430 - INFO - Starting new training run
 2023-12-19 23:16:00,209 - INFO - Training loss 0.8404128665619708 at epoch 0
 2023-12-19 23:16:22,978 - INFO - val_best_acc: 0.46, best_epoch: 0
 2023-12-19 23:20:23,468 - INFO - Training loss 0.7071688638088551 at epoch 1
 2023-12-19 23:20:46,505 - INFO - val_best_acc: 0.7175, best_epoch: 1
 2023-12-19 23:24:56,759 - INFO - Training loss 0.6214302718005282 at epoch 2
 2023-12-19 23:25:20,297 - INFO - val_best_acc: 0.7825, best_epoch: 2
 2023-12-19 23:29:26,268 - INFO - Training loss 0.5967902135341725 at epoch 3
 2023-12-19 23:29:48,428 - INFO - val_best_acc: 0.7825, best_epoch: 2
 2023-12-19 23:33:56,607 - INFO - Training loss 0.587308054274701 at epoch 4
 2023-12-19 23:34:19,687 - INFO - val_best_acc: 0.82625, best_epoch: 4
 2023-12-19 23:38:19,859 - INFO - Training loss 0.5586505589332986 at epoch 5
 2023-12-19 23:38:41,944 - INFO - val_best_acc: 0.82625, best_epoch: 4
 2023-12-19 23:42:46,270 - INFO - Training loss 0.5508151361916928 at epoch 6
 2023-12-19 23:43:09,585 - INFO - val_best_acc: 0.82625, best_epoch: 4
 2023-12-19 23:47:07,721 - INFO - Training loss 0.5243836460595436 at epoch 7
 2023-12-19 23:47:29,448 - INFO - val_best_acc: 0.82625, best_epoch: 4
 2023-12-19 23:51:26,065 - INFO - Training loss 0.5216975500609012 at epoch 8
 2023-12-19 23:51:48,761 - INFO - val_best_acc: 0.82625, best_epoch: 4
 2023-12-19 23:55:49,064 - INFO - Training loss 0.5054833220040544 at epoch 9
 2023-12-19 23:56:11,391 - INFO - val_best_acc: 0.82625, best_epoch: 4
 2023-12-19 23:56:11,395 - INFO - Evaluate on the Test dataset_fish
 2023-12-19 23:56:47,727 - INFO -  accuracy: 0.8225
